presen -> presen.pdf
presen-nokey -> presen-nokey.pdf
[1[1
dvipdfmx:warning: Unparsed material at end of special ignored.

Current input buffer is -->! /landplus90 true store<--

dvipdfmx:warning: Unparsed material at end of special ignored.

Current input buffer is -->! /landplus90 true store<--
][2resume -> resume.pdf
][2[1][3
dvipdfmx:warning: Unparsed material at end of special ignored.

Current input buffer is -->! /landplus90 tru]e[3 store<--
][4][5][6][7][8]][4][5][6][7][8]][2][3]

284946 bytes written285636 bytes written
286347 bytes written


presen-nokey -> presen-nokey.pdf
[1
dvipdfmx:warning: Unparsed material at end of special ignored.

Current input buffer is -->! /landplus90 true store<--
][2][3presen -> presen.pdf
resume -> resume.pdf
[1
dvipdfmx:warning: Unparsed material at end of special ignored.

Current input buffer is -->! /landplus90 true store<--
[1][2
dvipdfmx:warning: Unparsed material at end of special ignored.

Current input buffer is -->! /landplus90 true store<--
][3][4][5][6][7][8]
286095 bytes written][4][5][6][7][8]][2][3]

286808 bytes written
285426 bytes written

resume -> resume.pdf
presen-nokey -> presen-nokey.pdf
