\BOOKMARK [1][-]{section.1}{1 概要}{}% 1
\BOOKMARK [1][-]{section.2}{2 アイルランド}{}% 2
\BOOKMARK [1][-]{section.3}{3 申し込みの流れ}{}% 3
\BOOKMARK [1][-]{section.4}{4 採用後の流れ}{}% 4
\BOOKMARK [1][-]{section.5}{5 国内手続き}{}% 5
\BOOKMARK [1][-]{section.6}{6 準備\(持ち物\): アウトドア/ノマド生活を基本に。}{}% 6
\BOOKMARK [2][-]{subsection.6.1}{6.1 写真}{section.6}% 7
\BOOKMARK [2][-]{subsection.6.2}{6.2 写真}{section.6}% 8
\BOOKMARK [2][-]{subsection.6.3}{6.3 写真}{section.6}% 9
\BOOKMARK [1][-]{section.7}{7 準備\(住居\): Airbnb 最高!!!}{}% 10
\BOOKMARK [2][-]{subsection.7.1}{7.1 同居人}{section.7}% 11
\BOOKMARK [2][-]{subsection.7.2}{7.2 部屋 \(ダブリン市内\)}{section.7}% 12
\BOOKMARK [2][-]{subsection.7.3}{7.3 部屋 \(ダブリン郊外\)}{section.7}% 13
\BOOKMARK [2][-]{subsection.7.4}{7.4 部屋 \(ダブリン郊外\) Charlie}{section.7}% 14
\BOOKMARK [2][-]{subsection.7.5}{7.5 ルームメイト \(ダブリン市内\)}{section.7}% 15
\BOOKMARK [2][-]{subsection.7.6}{7.6 ルームメイト \(ダブリン郊外\)}{section.7}% 16
\BOOKMARK [2][-]{subsection.7.7}{7.7 ルームメイト \(ダブリン郊外\)}{section.7}% 17
\BOOKMARK [1][-]{section.8}{8 IBM Research Ireland}{}% 18
\BOOKMARK [1][-]{section.9}{9 IBM Research Ireland}{}% 19
\BOOKMARK [1][-]{section.10}{10 環境}{}% 20
\BOOKMARK [1][-]{section.11}{11 到着後}{}% 21
\BOOKMARK [1][-]{section.12}{12 病的な既存コード}{}% 22
\BOOKMARK [1][-]{section.13}{13 救い}{}% 23
\BOOKMARK [1][-]{section.14}{14 給料}{}% 24
\BOOKMARK [1][-]{section.15}{15 働きかた}{}% 25
\BOOKMARK [1][-]{section.16}{16 まとめ: 海外インターンシップから何を得られるか}{}% 26
